29-Jun-2026 11:47:22.782 INFO [main] org.apache.catalina.core.ApplicationContext.log ContextListener: contextInitialized()
29-Jun-2026 11:47:22.782 INFO [main] org.apache.catalina.core.ApplicationContext.log SessionListener: contextInitialized()
29-Jun-2026 11:47:22.786 INFO [main] org.apache.catalina.core.ApplicationContext.log ContextListener: attributeAdded('StockTicker', 'async.Stockticker@55787112')
29-Jun-2026 11:50:23.065 INFO [main] org.apache.catalina.core.ApplicationContext.log SessionListener: contextDestroyed()
29-Jun-2026 11:50:23.065 INFO [main] org.apache.catalina.core.ApplicationContext.log ContextListener: contextDestroyed()
29-Jun-2026 11:50:42.266 INFO [main] org.apache.catalina.core.ApplicationContext.log ContextListener: contextInitialized()
29-Jun-2026 11:50:42.266 INFO [main] org.apache.catalina.core.ApplicationContext.log SessionListener: contextInitialized()
29-Jun-2026 11:50:42.269 INFO [main] org.apache.catalina.core.ApplicationContext.log ContextListener: attributeAdded('StockTicker', 'async.Stockticker@441cc260')
29-Jun-2026 11:54:32.604 INFO [main] org.apache.catalina.core.ApplicationContext.log SessionListener: contextDestroyed()
29-Jun-2026 11:54:32.604 INFO [main] org.apache.catalina.core.ApplicationContext.log ContextListener: contextDestroyed()
29-Jun-2026 11:54:35.598 INFO [main] org.apache.catalina.core.ApplicationContext.log ContextListener: contextInitialized()
29-Jun-2026 11:54:35.598 INFO [main] org.apache.catalina.core.ApplicationContext.log SessionListener: contextInitialized()
29-Jun-2026 11:54:35.601 INFO [main] org.apache.catalina.core.ApplicationContext.log ContextListener: attributeAdded('StockTicker', 'async.Stockticker@72445aba')
29-Jun-2026 11:58:05.377 INFO [main] org.apache.catalina.core.ApplicationContext.log SessionListener: contextDestroyed()
29-Jun-2026 11:58:05.377 INFO [main] org.apache.catalina.core.ApplicationContext.log ContextListener: contextDestroyed()
29-Jun-2026 11:58:08.957 INFO [main] org.apache.catalina.core.ApplicationContext.log ContextListener: contextInitialized()
29-Jun-2026 11:58:08.957 INFO [main] org.apache.catalina.core.ApplicationContext.log SessionListener: contextInitialized()
29-Jun-2026 11:58:08.960 INFO [main] org.apache.catalina.core.ApplicationContext.log ContextListener: attributeAdded('StockTicker', 'async.Stockticker@4cafa9aa')
29-Jun-2026 12:02:29.265 INFO [main] org.apache.catalina.core.ApplicationContext.log SessionListener: contextDestroyed()
29-Jun-2026 12:02:29.266 INFO [main] org.apache.catalina.core.ApplicationContext.log ContextListener: contextDestroyed()
29-Jun-2026 12:06:33.315 INFO [main] org.apache.catalina.core.ApplicationContext.log ContextListener: contextInitialized()
29-Jun-2026 12:06:33.315 INFO [main] org.apache.catalina.core.ApplicationContext.log SessionListener: contextInitialized()
29-Jun-2026 12:06:33.319 INFO [main] org.apache.catalina.core.ApplicationContext.log ContextListener: attributeAdded('StockTicker', 'async.Stockticker@383790cf')
29-Jun-2026 12:07:09.651 INFO [http-nio-8081-exec-1] org.apache.catalina.core.ApplicationContext.log Marking servlet [LoginServlet] as unavailable
29-Jun-2026 12:07:09.651 SEVERE [http-nio-8081-exec-1] org.apache.catalina.core.StandardWrapperValve.invoke Allocate exception for servlet [LoginServlet]
	java.lang.ClassNotFoundException: com.hms.servlet.LoginServlet
		at org.apache.catalina.loader.WebappClassLoaderBase.loadClass(WebappClassLoaderBase.java:1412)
		at org.apache.catalina.loader.WebappClassLoaderBase.loadClass(WebappClassLoaderBase.java:1220)
		at org.apache.catalina.core.DefaultInstanceManager.loadClass(DefaultInstanceManager.java:487)
		at org.apache.catalina.core.DefaultInstanceManager.loadClassMaybePrivileged(DefaultInstanceManager.java:469)
		at org.apache.catalina.core.DefaultInstanceManager.newInstance(DefaultInstanceManager.java:141)
		at org.apache.catalina.core.StandardWrapper.loadServlet(StandardWrapper.java:1020)
		at org.apache.catalina.core.StandardWrapper.allocate(StandardWrapper.java:747)
		at org.apache.catalina.core.StandardWrapperValve.invoke(StandardWrapperValve.java:115)
		at org.apache.catalina.core.StandardContextValve.invoke(StandardContextValve.java:90)
		at org.apache.catalina.authenticator.AuthenticatorBase.invoke(AuthenticatorBase.java:492)
		at org.apache.catalina.core.StandardHostValve.invoke(StandardHostValve.java:130)
		at org.apache.catalina.valves.ErrorReportValve.invoke(ErrorReportValve.java:93)
		at org.apache.catalina.valves.AbstractAccessLogValve.invoke(AbstractAccessLogValve.java:673)
		at org.apache.catalina.core.StandardEngineValve.invoke(StandardEngineValve.java:74)
		at org.apache.catalina.connector.CoyoteAdapter.service(CoyoteAdapter.java:343)
		at org.apache.coyote.http11.Http11Processor.service(Http11Processor.java:389)
		at org.apache.coyote.AbstractProcessorLight.process(AbstractProcessorLight.java:63)
		at org.apache.coyote.AbstractProtocol$ConnectionHandler.process(AbstractProtocol.java:926)
		at org.apache.tomcat.util.net.NioEndpoint$SocketProcessor.doRun(NioEndpoint.java:1791)
		at org.apache.tomcat.util.net.SocketProcessorBase.run(SocketProcessorBase.java:49)
		at org.apache.tomcat.util.threads.ThreadPoolExecutor.runWorker(ThreadPoolExecutor.java:1191)
		at org.apache.tomcat.util.threads.ThreadPoolExecutor$Worker.run(ThreadPoolExecutor.java:659)
		at org.apache.tomcat.util.threads.TaskThread$WrappingRunnable.run(TaskThread.java:61)
		at java.base/java.lang.Thread.run(Thread.java:1516)
29-Jun-2026 12:10:07.578 INFO [main] org.apache.catalina.core.ApplicationContext.log SessionListener: contextDestroyed()
29-Jun-2026 12:10:07.578 INFO [main] org.apache.catalina.core.ApplicationContext.log ContextListener: contextDestroyed()
29-Jun-2026 12:10:21.167 INFO [main] org.apache.catalina.core.ApplicationContext.log ContextListener: contextInitialized()
29-Jun-2026 12:10:21.167 INFO [main] org.apache.catalina.core.ApplicationContext.log SessionListener: contextInitialized()
29-Jun-2026 12:10:21.171 INFO [main] org.apache.catalina.core.ApplicationContext.log ContextListener: attributeAdded('StockTicker', 'async.Stockticker@64df9a61')
29-Jun-2026 13:29:57.422 INFO [main] org.apache.catalina.core.ApplicationContext.log ContextListener: contextInitialized()
29-Jun-2026 13:29:57.422 INFO [main] org.apache.catalina.core.ApplicationContext.log SessionListener: contextInitialized()
29-Jun-2026 13:29:57.426 INFO [main] org.apache.catalina.core.ApplicationContext.log ContextListener: attributeAdded('StockTicker', 'async.Stockticker@441cc260')
29-Jun-2026 13:42:13.754 INFO [Thread-1] org.apache.catalina.core.ApplicationContext.log SessionListener: contextDestroyed()
29-Jun-2026 13:42:13.755 INFO [Thread-1] org.apache.catalina.core.ApplicationContext.log ContextListener: contextDestroyed()
29-Jun-2026 13:42:51.598 INFO [main] org.apache.catalina.core.ApplicationContext.log ContextListener: contextInitialized()
29-Jun-2026 13:42:51.598 INFO [main] org.apache.catalina.core.ApplicationContext.log SessionListener: contextInitialized()
29-Jun-2026 13:42:51.602 INFO [main] org.apache.catalina.core.ApplicationContext.log ContextListener: attributeAdded('StockTicker', 'async.Stockticker@24097e9b')
29-Jun-2026 15:28:39.590 INFO [main] org.apache.catalina.core.ApplicationContext.log ContextListener: contextInitialized()
29-Jun-2026 15:28:39.590 INFO [main] org.apache.catalina.core.ApplicationContext.log SessionListener: contextInitialized()
29-Jun-2026 15:28:39.591 INFO [main] org.apache.catalina.core.ApplicationContext.log ContextListener: attributeAdded('StockTicker', 'async.Stockticker@441cc260')
29-Jun-2026 15:40:01.952 INFO [main] org.apache.catalina.core.ApplicationContext.log SessionListener: contextDestroyed()
29-Jun-2026 15:40:01.952 INFO [main] org.apache.catalina.core.ApplicationContext.log ContextListener: contextDestroyed()
29-Jun-2026 15:40:04.378 INFO [main] org.apache.catalina.core.ApplicationContext.log ContextListener: contextInitialized()
29-Jun-2026 15:40:04.378 INFO [main] org.apache.catalina.core.ApplicationContext.log SessionListener: contextInitialized()
29-Jun-2026 15:40:04.380 INFO [main] org.apache.catalina.core.ApplicationContext.log ContextListener: attributeAdded('StockTicker', 'async.Stockticker@682bd3c4')
29-Jun-2026 15:45:55.240 INFO [main] org.apache.catalina.core.ApplicationContext.log ContextListener: contextInitialized()
29-Jun-2026 15:45:55.240 INFO [main] org.apache.catalina.core.ApplicationContext.log SessionListener: contextInitialized()
29-Jun-2026 15:45:55.242 INFO [main] org.apache.catalina.core.ApplicationContext.log ContextListener: attributeAdded('StockTicker', 'async.Stockticker@441cc260')
29-Jun-2026 15:48:55.985 INFO [main] org.apache.catalina.core.ApplicationContext.log ContextListener: contextInitialized()
29-Jun-2026 15:48:55.985 INFO [main] org.apache.catalina.core.ApplicationContext.log SessionListener: contextInitialized()
29-Jun-2026 15:48:55.987 INFO [main] org.apache.catalina.core.ApplicationContext.log ContextListener: attributeAdded('StockTicker', 'async.Stockticker@1bbae752')
29-Jun-2026 15:48:56.119 INFO [main] org.apache.catalina.core.ApplicationContext.log SessionListener: contextDestroyed()
29-Jun-2026 15:48:56.119 INFO [main] org.apache.catalina.core.ApplicationContext.log ContextListener: contextDestroyed()
29-Jun-2026 15:50:39.491 INFO [main] org.apache.catalina.core.ApplicationContext.log SessionListener: contextDestroyed()
29-Jun-2026 15:50:39.491 INFO [main] org.apache.catalina.core.ApplicationContext.log ContextListener: contextDestroyed()
29-Jun-2026 15:50:41.395 INFO [main] org.apache.catalina.core.ApplicationContext.log ContextListener: contextInitialized()
29-Jun-2026 15:50:41.395 INFO [main] org.apache.catalina.core.ApplicationContext.log SessionListener: contextInitialized()
29-Jun-2026 15:50:41.397 INFO [main] org.apache.catalina.core.ApplicationContext.log ContextListener: attributeAdded('StockTicker', 'async.Stockticker@441cc260')
29-Jun-2026 15:52:02.377 INFO [main] org.apache.catalina.core.ApplicationContext.log ContextListener: contextInitialized()
29-Jun-2026 15:52:02.377 INFO [main] org.apache.catalina.core.ApplicationContext.log SessionListener: contextInitialized()
29-Jun-2026 15:52:02.379 INFO [main] org.apache.catalina.core.ApplicationContext.log ContextListener: attributeAdded('StockTicker', 'async.Stockticker@7b2a3ff8')
29-Jun-2026 15:52:02.506 INFO [main] org.apache.catalina.core.ApplicationContext.log SessionListener: contextDestroyed()
29-Jun-2026 15:52:02.506 INFO [main] org.apache.catalina.core.ApplicationContext.log ContextListener: contextDestroyed()
29-Jun-2026 16:00:37.194 INFO [main] org.apache.catalina.core.ApplicationContext.log SessionListener: contextDestroyed()
29-Jun-2026 16:00:37.194 INFO [main] org.apache.catalina.core.ApplicationContext.log ContextListener: contextDestroyed()
29-Jun-2026 16:00:39.861 INFO [main] org.apache.catalina.core.ApplicationContext.log ContextListener: contextInitialized()
29-Jun-2026 16:00:39.861 INFO [main] org.apache.catalina.core.ApplicationContext.log SessionListener: contextInitialized()
29-Jun-2026 16:00:39.863 INFO [main] org.apache.catalina.core.ApplicationContext.log ContextListener: attributeAdded('StockTicker', 'async.Stockticker@6326d182')
29-Jun-2026 16:05:08.071 INFO [main] org.apache.catalina.core.ApplicationContext.log ContextListener: contextInitialized()
29-Jun-2026 16:05:08.072 INFO [main] org.apache.catalina.core.ApplicationContext.log SessionListener: contextInitialized()
29-Jun-2026 16:05:08.073 INFO [main] org.apache.catalina.core.ApplicationContext.log ContextListener: attributeAdded('StockTicker', 'async.Stockticker@770b3be0')
29-Jun-2026 16:09:37.693 INFO [main] org.apache.catalina.core.ApplicationContext.log ContextListener: contextInitialized()
29-Jun-2026 16:09:37.693 INFO [main] org.apache.catalina.core.ApplicationContext.log SessionListener: contextInitialized()
29-Jun-2026 16:09:37.695 INFO [main] org.apache.catalina.core.ApplicationContext.log ContextListener: attributeAdded('StockTicker', 'async.Stockticker@4d23015c')
29-Jun-2026 16:11:47.366 INFO [main] org.apache.catalina.core.ApplicationContext.log ContextListener: contextInitialized()
29-Jun-2026 16:11:47.366 INFO [main] org.apache.catalina.core.ApplicationContext.log SessionListener: contextInitialized()
29-Jun-2026 16:11:47.367 INFO [main] org.apache.catalina.core.ApplicationContext.log ContextListener: attributeAdded('StockTicker', 'async.Stockticker@4d23015c')
29-Jun-2026 16:13:25.376 INFO [main] org.apache.catalina.core.ApplicationContext.log SessionListener: contextDestroyed()
29-Jun-2026 16:13:25.376 INFO [main] org.apache.catalina.core.ApplicationContext.log ContextListener: contextDestroyed()
